<?xml version="1.0" encoding="UTF-8"?>
<testsuite xmlns:xsi="http://www.w3.org/2001/XMLSchema-instance" xsi:noNamespaceSchemaLocation="https://maven.apache.org/surefire/maven-surefire-plugin/xsd/surefire-test-report.xsd" name="hn.uth.ejercicio1_bryan_cruz.AppTest" time="0.077" tests="12" errors="0" skipped="0" failures="0">
  <properties>
    <property name="java.specification.version" value="17"/>
    <property name="sun.cpu.isalist" value="amd64"/>
    <property name="sun.jnu.encoding" value="Cp1252"/>
    <property name="java.class.path" value="C:\Users\dell\Documents\PROGRAMACION AVANZADA 2\ejercicio1-bryan-cruz\target\test-classes;C:\Users\dell\Documents\PROGRAMACION AVANZADA 2\ejercicio1-bryan-cruz\target\classes;C:\Users\dell\.m2\repository\junit\junit\4.13.2\junit-4.13.2.jar;C:\Users\dell\.m2\repository\org\hamcrest\hamcrest-core\1.3\hamcrest-core-1.3.jar;"/>
    <property name="java.vm.vendor" value="Oracle Corporation"/>
    <property name="sun.arch.data.model" value="64"/>
    <property name="user.variant" value=""/>
    <property name="java.vendor.url" value="https://java.oracle.com/"/>
    <property name="user.timezone" value="America/Tegucigalpa"/>
    <property name="os.name" value="Windows 10"/>
    <property name="java.vm.specification.version" value="17"/>
    <property name="sun.java.launcher" value="SUN_STANDARD"/>
    <property name="user.country" value="HN"/>
    <property name="sun.boot.library.path" value="C:\Program Files\Java\jdk-17\bin"/>
    <property name="sun.java.command" value="C:\Users\dell\AppData\Local\Temp\surefire8189073034606137151\surefirebooter11511803410047635912.jar C:\Users\dell\AppData\Local\Temp\surefire8189073034606137151 2024-02-15T20-53-33_522-jvmRun1 surefire13957441887101544933tmp surefire_08070633851811008992tmp"/>
    <property name="jdk.debug" value="release"/>
    <property name="surefire.test.class.path" value="C:\Users\dell\Documents\PROGRAMACION AVANZADA 2\ejercicio1-bryan-cruz\target\test-classes;C:\Users\dell\Documents\PROGRAMACION AVANZADA 2\ejercicio1-bryan-cruz\target\classes;C:\Users\dell\.m2\repository\junit\junit\4.13.2\junit-4.13.2.jar;C:\Users\dell\.m2\repository\org\hamcrest\hamcrest-core\1.3\hamcrest-core-1.3.jar;"/>
    <property name="sun.cpu.endian" value="little"/>
    <property name="user.home" value="C:\Users\dell"/>
    <property name="user.language" value="es"/>
    <property name="java.specification.vendor" value="Oracle Corporation"/>
    <property name="java.version.date" value="2024-01-16"/>
    <property name="java.home" value="C:\Program Files\Java\jdk-17"/>
    <property name="file.separator" value="\"/>
    <property name="basedir" value="C:\Users\dell\Documents\PROGRAMACION AVANZADA 2\ejercicio1-bryan-cruz"/>
    <property name="java.vm.compressedOopsMode" value="32-bit"/>
    <property name="line.separator" value="&#10;"/>
    <property name="java.vm.specification.vendor" value="Oracle Corporation"/>
    <property name="java.specification.name" value="Java Platform API Specification"/>
    <property name="surefire.real.class.path" value="C:\Users\dell\AppData\Local\Temp\surefire8189073034606137151\surefirebooter11511803410047635912.jar"/>
    <property name="user.script" value=""/>
    <property name="sun.management.compiler" value="HotSpot 64-Bit Tiered Compilers"/>
    <property name="java.runtime.version" value="17.0.10+11-LTS-240"/>
    <property name="user.name" value="Bryan Cruz"/>
    <property name="path.separator" value=";"/>
    <property name="os.version" value="10.0"/>
    <property name="java.runtime.name" value="Java(TM) SE Runtime Environment"/>
    <property name="file.encoding" value="Cp1252"/>
    <property name="java.vm.name" value="Java HotSpot(TM) 64-Bit Server VM"/>
    <property name="localRepository" value="C:\Users\dell\.m2\repository"/>
    <property name="java.vendor.url.bug" value="https://bugreport.java.com/bugreport/"/>
    <property name="java.io.tmpdir" value="C:\Users\dell\AppData\Local\Temp\"/>
    <property name="java.version" value="17.0.10"/>
    <property name="user.dir" value="C:\Users\dell\Documents\PROGRAMACION AVANZADA 2\ejercicio1-bryan-cruz"/>
    <property name="os.arch" value="amd64"/>
    <property name="java.vm.specification.name" value="Java Virtual Machine Specification"/>
    <property name="sun.os.patch.level" value=""/>
    <property name="native.encoding" value="Cp1252"/>
    <property name="java.library.path" value="C:\Program Files\Java\jdk-17\bin;C:\WINDOWS\Sun\Java\bin;C:\WINDOWS\system32;C:\WINDOWS;C:/Users/dell/.p2/pool/plugins/org.eclipse.justj.openjdk.hotspot.jre.full.win32.x86_64_11.0.13.v20211116-1829/jre/bin/server;C:/Users/dell/.p2/pool/plugins/org.eclipse.justj.openjdk.hotspot.jre.full.win32.x86_64_11.0.13.v20211116-1829/jre/bin;C:\Program Files\Common Files\Oracle\Java\javapath;C:\Program Files (x86)\VMware\VMware Workstation\bin\;C:\WINDOWS\system32;C:\WINDOWS;C:\WINDOWS\System32\Wbem;C:\WINDOWS\System32\WindowsPowerShell\v1.0\;C:\WINDOWS\System32\OpenSSH\;C:\Program Files\Microsoft SQL Server\Client SDK\ODBC\170\Tools\Binn\;C:\Program Files (x86)\Microsoft SQL Server\150\Tools\Binn\;C:\Program Files\Microsoft SQL Server\150\Tools\Binn\;C:\Program Files\Microsoft SQL Server\150\DTS\Binn\;C:\Program Files\Azure Data Studio\bin;C:\Program Files (x86)\NVIDIA Corporation\PhysX\Common;C:\Program Files\NVIDIA Corporation\NVIDIA NvDLISR;C:\WINDOWS\system32;C:\WINDOWS;C:\WINDOWS\System32\Wbem;C:\WINDOWS\System32\WindowsPowerShell\v1.0\;C:\WINDOWS\System32\OpenSSH\;C:\Program Files (x86)\Microsoft SQL Server\150\DTS\Binn\;C:\MAVEN\apache-maven-3.9.6-bin\apache-maven-3.9.6\bin;C:\Users\dell\AppData\Local\Microsoft\WindowsApps;C:\Program Files\Azure Data Studio\bin;C:\Users\dell\AppData\Local\atom\bin;C:\Users\dell\AppData\Local\Programs\Microsoft VS Code\bin;C:\Users\dell\AppData\Local\GitHubDesktop\bin;C:\WINDOWS\system32;;."/>
    <property name="java.vm.info" value="mixed mode, sharing"/>
    <property name="java.vendor" value="Oracle Corporation"/>
    <property name="java.vm.version" value="17.0.10+11-LTS-240"/>
    <property name="sun.io.unicode.encoding" value="UnicodeLittle"/>
    <property name="java.class.version" value="61.0"/>
  </properties>
  <testcase name="AreaTriangulo" classname="hn.uth.ejercicio1_bryan_cruz.AppTest" time="0.004"/>
  <testcase name="AreaRectangulo" classname="hn.uth.ejercicio1_bryan_cruz.AppTest" time="0"/>
  <testcase name="AreaCuadradoDecimal" classname="hn.uth.ejercicio1_bryan_cruz.AppTest" time="0"/>
  <testcase name="AreaTrianguloDecimal" classname="hn.uth.ejercicio1_bryan_cruz.AppTest" time="0"/>
  <testcase name="AreaCuadrado" classname="hn.uth.ejercicio1_bryan_cruz.AppTest" time="0"/>
  <testcase name="AreaTrianguloDecimalMarjen" classname="hn.uth.ejercicio1_bryan_cruz.AppTest" time="0.001"/>
  <testcase name="AreaCirculo" classname="hn.uth.ejercicio1_bryan_cruz.AppTest" time="0"/>
  <testcase name="AreaRectangulodecimal" classname="hn.uth.ejercicio1_bryan_cruz.AppTest" time="0"/>
  <testcase name="AreaRectangulodecimalnMargen" classname="hn.uth.ejercicio1_bryan_cruz.AppTest" time="0"/>
  <testcase name="AreaCirculoMayorDecimal" classname="hn.uth.ejercicio1_bryan_cruz.AppTest" time="0"/>
  <testcase name="AreaCirculo2" classname="hn.uth.ejercicio1_bryan_cruz.AppTest" time="0"/>
  <testcase name="AreaCuadradoDecimalConMargen" classname="hn.uth.ejercicio1_bryan_cruz.AppTest" time="0"/>
</testsuite>